<?xml version="1.0" encoding="UTF-8"?>
<testsuite name="ic.doc.templatemethod.NumberSequenceTest" tests="2" skipped="0" failures="0" errors="0" timestamp="2024-04-11T16:54:21" hostname="ShihandeMacBook-Pro.local" time="0.0">
  <properties/>
  <testcase name="canBeIteratedThrough" classname="ic.doc.templatemethod.NumberSequenceTest" time="0.0"/>
  <testcase name="isUndefinedForNegativeIndices" classname="ic.doc.templatemethod.NumberSequenceTest" time="0.0"/>
  <system-out><![CDATA[]]></system-out>
  <system-err><![CDATA[]]></system-err>
</testsuite>
